Determining if the pthread_create exist failed with the following output:
Change Dir: /home/bkeys/Devel/moon/build/CMakeFiles/CMakeTmp

Run Build Command:"/usr/bin/gmake" "cmTryCompileExec1975828840/fast"
/usr/bin/gmake -f CMakeFiles/cmTryCompileExec1975828840.dir/build.make CMakeFiles/cmTryCompileExec1975828840.dir/build
gmake[1]: Entering directory '/home/bkeys/Devel/moon/build/CMakeFiles/CMakeTmp'
/usr/bin/cmake -E cmake_progress_report /home/bkeys/Devel/moon/build/CMakeFiles/CMakeTmp/CMakeFiles 1
Building C object CMakeFiles/cmTryCompileExec1975828840.dir/CheckSymbolExists.c.o
/usr/bin/cc    -o CMakeFiles/cmTryCompileExec1975828840.dir/CheckSymbolExists.c.o   -c /home/bkeys/Devel/moon/build/CMakeFiles/CMakeTmp/CheckSymbolExists.c
Linking C executable cmTryCompileExec1975828840
/usr/bin/cmake -E cmake_link_script CMakeFiles/cmTryCompileExec1975828840.dir/link.txt --verbose=1
/usr/bin/cc       CMakeFiles/cmTryCompileExec1975828840.dir/CheckSymbolExists.c.o  -o cmTryCompileExec1975828840 -rdynamic 
CMakeFiles/cmTryCompileExec1975828840.dir/CheckSymbolExists.c.o: In function `main':
CheckSymbolExists.c:(.text+0x16): undefined reference to `pthread_create'
collect2: error: ld returned 1 exit status
CMakeFiles/cmTryCompileExec1975828840.dir/build.make:88: recipe for target 'cmTryCompileExec1975828840' failed
gmake[1]: *** [cmTryCompileExec1975828840] Error 1
gmake[1]: Leaving directory '/home/bkeys/Devel/moon/build/CMakeFiles/CMakeTmp'
Makefile:118: recipe for target 'cmTryCompileExec1975828840/fast' failed
gmake: *** [cmTryCompileExec1975828840/fast] Error 2

File /home/bkeys/Devel/moon/build/CMakeFiles/CMakeTmp/CheckSymbolExists.c:
/* */
#include <pthread.h>

int main(int argc, char** argv)
{
  (void)argv;
#ifndef pthread_create
  return ((int*)(&pthread_create))[argc];
#else
  (void)argc;
  return 0;
#endif
}

Determining if the function pthread_create exists in the pthreads failed with the following output:
Change Dir: /home/bkeys/Devel/moon/build/CMakeFiles/CMakeTmp

Run Build Command:"/usr/bin/gmake" "cmTryCompileExec1887714978/fast"
/usr/bin/gmake -f CMakeFiles/cmTryCompileExec1887714978.dir/build.make CMakeFiles/cmTryCompileExec1887714978.dir/build
gmake[1]: Entering directory '/home/bkeys/Devel/moon/build/CMakeFiles/CMakeTmp'
/usr/bin/cmake -E cmake_progress_report /home/bkeys/Devel/moon/build/CMakeFiles/CMakeTmp/CMakeFiles 1
Building C object CMakeFiles/cmTryCompileExec1887714978.dir/CheckFunctionExists.c.o
/usr/bin/cc   -DCHECK_FUNCTION_EXISTS=pthread_create   -o CMakeFiles/cmTryCompileExec1887714978.dir/CheckFunctionExists.c.o   -c /usr/share/cmake/Modules/CheckFunctionExists.c
Linking C executable cmTryCompileExec1887714978
/usr/bin/cmake -E cmake_link_script CMakeFiles/cmTryCompileExec1887714978.dir/link.txt --verbose=1
/usr/bin/cc   -DCHECK_FUNCTION_EXISTS=pthread_create    CMakeFiles/cmTryCompileExec1887714978.dir/CheckFunctionExists.c.o  -o cmTryCompileExec1887714978 -rdynamic -lpthreads 
/usr/bin/ld: cannot find -lpthreads
collect2: error: ld returned 1 exit status
CMakeFiles/cmTryCompileExec1887714978.dir/build.make:88: recipe for target 'cmTryCompileExec1887714978' failed
gmake[1]: Leaving directory '/home/bkeys/Devel/moon/build/CMakeFiles/CMakeTmp'
gmake[1]: *** [cmTryCompileExec1887714978] Error 1
Makefile:118: recipe for target 'cmTryCompileExec1887714978/fast' failed
gmake: *** [cmTryCompileExec1887714978/fast] Error 2


